<?xml version="1.0" encoding="UTF-8"?>
<testsuite xmlns:xsi="http://www.w3.org/2001/XMLSchema-instance" xsi:noNamespaceSchemaLocation="https://maven.apache.org/surefire/maven-surefire-plugin/xsd/surefire-test-report.xsd" name="com.railsonribeiro.AppTest" time="0.26" tests="2" errors="0" skipped="0" failures="0">
  <properties>
    <property name="java.specification.version" value="18"/>
    <property name="sun.cpu.isalist" value="amd64"/>
    <property name="sun.jnu.encoding" value="Cp1252"/>
    <property name="java.class.path" value="C:\Users\joser\OneDrive\Área de Trabalho\BOOTCAMP\projetos-spring-boot\desafio1_dio\target\test-classes;C:\Users\joser\OneDrive\Área de Trabalho\BOOTCAMP\projetos-spring-boot\desafio1_dio\target\classes;C:\Users\joser\.m2\repository\junit\junit\4.11\junit-4.11.jar;C:\Users\joser\.m2\repository\org\hamcrest\hamcrest-core\1.3\hamcrest-core-1.3.jar;"/>
    <property name="java.vm.vendor" value="Oracle Corporation"/>
    <property name="sun.arch.data.model" value="64"/>
    <property name="user.variant" value=""/>
    <property name="java.vendor.url" value="https://java.oracle.com/"/>
    <property name="user.timezone" value="America/Sao_Paulo"/>
    <property name="os.name" value="Windows 10"/>
    <property name="java.vm.specification.version" value="18"/>
    <property name="sun.java.launcher" value="SUN_STANDARD"/>
    <property name="user.country" value="BR"/>
    <property name="sun.boot.library.path" value="C:\Program Files\Java\jdk-18.0.1\bin"/>
    <property name="sun.java.command" value="C:\Users\joser\AppData\Local\Temp\surefire1008421404260326228\surefirebooter8932613396189010170.jar C:\Users\joser\AppData\Local\Temp\surefire1008421404260326228 2022-08-06T22-14-43_347-jvmRun1 surefire6139219800284312748tmp surefire_012328518346817135688tmp"/>
    <property name="jdk.debug" value="release"/>
    <property name="surefire.test.class.path" value="C:\Users\joser\OneDrive\Área de Trabalho\BOOTCAMP\projetos-spring-boot\desafio1_dio\target\test-classes;C:\Users\joser\OneDrive\Área de Trabalho\BOOTCAMP\projetos-spring-boot\desafio1_dio\target\classes;C:\Users\joser\.m2\repository\junit\junit\4.11\junit-4.11.jar;C:\Users\joser\.m2\repository\org\hamcrest\hamcrest-core\1.3\hamcrest-core-1.3.jar;"/>
    <property name="sun.cpu.endian" value="little"/>
    <property name="user.home" value="C:\Users\joser"/>
    <property name="user.language" value="pt"/>
    <property name="java.specification.vendor" value="Oracle Corporation"/>
    <property name="java.version.date" value="2022-04-19"/>
    <property name="java.home" value="C:\Program Files\Java\jdk-18.0.1"/>
    <property name="file.separator" value="\"/>
    <property name="basedir" value="C:\Users\joser\OneDrive\Área de Trabalho\BOOTCAMP\projetos-spring-boot\desafio1_dio"/>
    <property name="java.vm.compressedOopsMode" value="32-bit"/>
    <property name="line.separator" value="&#10;"/>
    <property name="java.vm.specification.vendor" value="Oracle Corporation"/>
    <property name="java.specification.name" value="Java Platform API Specification"/>
    <property name="surefire.real.class.path" value="C:\Users\joser\AppData\Local\Temp\surefire1008421404260326228\surefirebooter8932613396189010170.jar"/>
    <property name="user.script" value=""/>
    <property name="sun.management.compiler" value="HotSpot 64-Bit Tiered Compilers"/>
    <property name="java.runtime.version" value="18.0.1+10-24"/>
    <property name="user.name" value="joser"/>
    <property name="path.separator" value=";"/>
    <property name="os.version" value="10.0"/>
    <property name="java.runtime.name" value="Java(TM) SE Runtime Environment"/>
    <property name="file.encoding" value="UTF-8"/>
    <property name="java.vm.name" value="Java HotSpot(TM) 64-Bit Server VM"/>
    <property name="localRepository" value="C:\Users\joser\.m2\repository"/>
    <property name="java.vendor.url.bug" value="https://bugreport.java.com/bugreport/"/>
    <property name="java.io.tmpdir" value="C:\Users\joser\AppData\Local\Temp\"/>
    <property name="java.version" value="18.0.1"/>
    <property name="user.dir" value="C:\Users\joser\OneDrive\Área de Trabalho\BOOTCAMP\projetos-spring-boot\desafio1_dio"/>
    <property name="os.arch" value="amd64"/>
    <property name="java.vm.specification.name" value="Java Virtual Machine Specification"/>
    <property name="sun.os.patch.level" value=""/>
    <property name="native.encoding" value="Cp1252"/>
    <property name="java.library.path" value="C:\Program Files\Java\jdk-18.0.1\bin;C:\Windows\Sun\Java\bin;C:\Windows\system32;C:\Windows;C:\Program Files\Common Files\Oracle\Java\javapath;C:\Windows\system32;C:\Windows;C:\Windows\System32\Wbem;C:\Windows\System32\WindowsPowerShell\v1.0\;C:\Windows\System32\OpenSSH\;C:\Users\joser\apache-maven-3.8.6\bin;C:\Program Files\Java\jdk-18.0.1\bin;C:\Program Files\Git\cmd;C:\Program Files\nodejs\;C:\Users\joser\AppData\Local\Microsoft\WindowsApps;C:\Users\joser\AppData\Local\Programs\Microsoft VS Code\bin;C:\Users\joser\AppData\Roaming\npm;C:\Users\joser\apache-maven-3.8.6\apache-maven\src\bin;;."/>
    <property name="java.vm.info" value="mixed mode, sharing"/>
    <property name="java.vendor" value="Oracle Corporation"/>
    <property name="java.vm.version" value="18.0.1+10-24"/>
    <property name="sun.io.unicode.encoding" value="UnicodeLittle"/>
    <property name="java.class.version" value="62.0"/>
  </properties>
  <testcase name="listarCursosDevTest" classname="com.railsonribeiro.AppTest" time="0.072"/>
  <testcase name="listarCalcularXpDev" classname="com.railsonribeiro.AppTest" time="0"/>
</testsuite>